\BOOKMARK [0][-]{chapter.1}{\376\377\176\352\000\040\213\272}{}% 1
\BOOKMARK [1][-]{section.1.1}{\376\377\170\024\172\166\200\314\146\157\116\016\141\017\116\111}{chapter.1}% 2
\BOOKMARK [1][-]{section.1.2}{\376\377\126\375\121\205\131\026\170\024\172\166\163\260\162\266}{chapter.1}% 3
\BOOKMARK [1][-]{section.1.3}{\376\377\170\024\172\166\121\205\133\271}{chapter.1}% 4
\BOOKMARK [1][-]{section.1.4}{\376\377\145\207\172\340\176\323\147\204}{chapter.1}% 5
\BOOKMARK [0][-]{chapter.2}{\376\377\230\204\131\007\167\345\213\306}{}% 6
\BOOKMARK [1][-]{section.2.1}{\376\377\217\157\116\366\123\357\117\341\166\370\121\163\151\202\137\365}{chapter.2}% 7
\BOOKMARK [2][-]{subsection.2.1.1}{\376\377\217\157\116\366\123\357\117\341\140\047\133\232\116\111}{section.2.1}% 8
\BOOKMARK [2][-]{subsection.2.1.2}{\376\377\217\157\116\366\134\136\140\047\060\001\133\120\134\136\140\047\124\214\136\246\221\317\121\103}{section.2.1}% 9
\BOOKMARK [2][-]{subsection.2.1.3}{\376\377\217\157\116\366\123\357\117\341\136\246\221\317\152\041\127\213\116\016\122\006\176\247\145\271\154\325}{section.2.1}% 10
\BOOKMARK [1][-]{section.2.2}{\376\377\176\323\147\204\145\271\172\013\152\041\127\213\166\204\123\237\164\006}{chapter.2}% 11
\BOOKMARK [2][-]{subsection.2.2.1}{\376\377\176\323\147\204\145\271\172\013\152\041\127\213\166\204\151\202\137\365}{section.2.2}% 12
\BOOKMARK [2][-]{subsection.2.2.2}{\376\377\176\323\147\204\145\271\172\013\152\041\127\213\166\204\176\323\147\204}{section.2.2}% 13
\BOOKMARK [1][-]{section.2.3}{\376\377\174\373\176\337\137\000\123\321\150\106\147\266\116\016\142\200\147\057}{chapter.2}% 14
\BOOKMARK [1][-]{section.2.4}{\376\377\147\054\172\340\134\017\176\323}{chapter.2}% 15
\BOOKMARK [0][-]{chapter.3}{\376\377\217\150\220\123\116\244\220\032\200\124\225\001\217\157\116\366\123\357\117\341\221\317\123\026\213\304\117\060\152\041\127\213}{}% 16
\BOOKMARK [1][-]{section.3.1}{\376\377\217\150\220\123\116\244\220\032\200\124\225\001\217\157\116\366\123\357\117\341\213\304\117\060\143\007\150\007\117\123\174\373}{chapter.3}% 17
\BOOKMARK [2][-]{subsection.3.1.1}{\376\377\213\304\117\060\143\007\150\007\117\123\174\373\136\372\172\313\166\204\123\237\122\031}{section.3.1}% 18
\BOOKMARK [2][-]{subsection.3.1.2}{\376\377\123\357\117\341\213\304\117\060\143\007\150\007\117\123\174\373\166\204\136\372\172\313}{section.3.1}% 19
\BOOKMARK [1][-]{section.3.2}{\376\377\217\150\220\123\116\244\220\032\200\124\225\001\217\157\116\366\123\357\117\341\213\304\117\060\176\323\147\204\145\271\172\013\152\041\127\213}{chapter.3}% 20
\BOOKMARK [2][-]{subsection.3.2.1}{\376\377\152\041\127\213\147\204\136\372}{section.3.2}% 21
\BOOKMARK [2][-]{subsection.3.2.2}{\376\377\152\041\127\213\213\276\133\232}{section.3.2}% 22
\BOOKMARK [2][-]{subsection.3.2.3}{\376\377\152\041\127\213\150\300\232\214\116\016\142\337\124\010}{section.3.2}% 23
\BOOKMARK [1][-]{section.3.3}{\376\377\171\072\117\213\213\364\146\016}{chapter.3}% 24
\BOOKMARK [1][-]{section.3.4}{\376\377\147\054\172\340\134\017\176\323}{chapter.3}% 25
\BOOKMARK [0][-]{chapter.4}{\376\377\217\157\116\366\123\357\117\341\140\047\122\006\221\115}{}% 26
\BOOKMARK [1][-]{section.4.1}{\376\377\145\071\217\333\117\030\121\110\143\007\145\160}{chapter.4}% 27
\BOOKMARK [2][-]{subsection.4.1.1}{\376\377\145\071\217\333\117\030\121\110\143\007\145\160\151\202\137\365}{section.4.1}% 28
\BOOKMARK [2][-]{subsection.4.1.2}{\376\377\145\071\217\333\117\030\121\110\176\247\213\241\173\227\171\072\117\213}{section.4.1}% 29
\BOOKMARK [1][-]{section.4.2}{\376\377\123\357\117\341\140\047\122\006\221\115}{chapter.4}% 30
\BOOKMARK [2][-]{subsection.4.2.1}{\376\377\123\357\117\341\140\047\122\006\221\115\152\041\127\213}{section.4.2}% 31
\BOOKMARK [2][-]{subsection.4.2.2}{\376\377\123\357\117\341\140\047\122\006\221\115\173\227\154\325\000i}{section.4.2}% 32
\BOOKMARK [2][-]{subsection.4.2.3}{\376\377\123\357\117\341\140\047\122\006\221\115\171\072\117\213\000i}{section.4.2}% 33
\BOOKMARK [2][-]{subsection.4.2.4}{\376\377\123\357\117\341\140\047\122\006\221\115\173\227\154\325\000i\000i}{section.4.2}% 34
\BOOKMARK [2][-]{subsection.4.2.5}{\376\377\123\357\117\341\140\047\122\006\221\115\171\072\117\213\000i\000i}{section.4.2}% 35
\BOOKMARK [0][-]{chapter.5}{\376\377\217\150\220\123\116\244\220\032\200\124\225\001\217\157\116\366\123\357\117\341\213\304\117\060\135\345\121\167\170\024\172\166}{}% 36
\BOOKMARK [1][-]{section.5.1}{\376\377\174\373\176\337\122\006\147\220\116\016\213\276\213\241}{chapter.5}% 37
\BOOKMARK [2][-]{subsection.5.1.1}{\376\377\174\373\176\337\122\006\147\220}{section.5.1}% 38
\BOOKMARK [2][-]{subsection.5.1.2}{\376\377\174\373\176\337\213\276\213\241}{section.5.1}% 39
\BOOKMARK [1][-]{section.5.2}{\376\377\217\150\220\123\116\244\220\032\200\124\225\001\217\157\116\366\213\304\117\060\135\345\121\167\133\236\163\260}{chapter.5}% 40
\BOOKMARK [2][-]{subsection.5.2.1}{\376\377\127\372\147\054\117\341\140\157\173\241\164\006\133\236\163\260}{section.5.2}% 41
\BOOKMARK [2][-]{subsection.5.2.2}{\376\377\121\150\165\037\124\175\124\150\147\037\123\357\117\341\213\304\117\060\133\236\163\260}{section.5.2}% 42
\BOOKMARK [2][-]{subsection.5.2.3}{\376\377\213\304\117\060\176\323\147\234\217\223\121\372\133\236\163\260}{section.5.2}% 43
\BOOKMARK [1][-]{section.5.3}{\376\377\217\150\220\123\116\244\220\032\200\124\225\001\217\157\116\366\213\304\117\060\135\345\121\167\117\177\165\050}{chapter.5}% 44
\BOOKMARK [1][-]{section.5.4}{\376\377\147\054\172\340\134\017\176\323}{chapter.5}% 45
\BOOKMARK [0][-]{chapter.6}{\376\377\140\073\176\323\116\016\134\125\147\033}{}% 46
\BOOKMARK [1][-]{section.6.1}{\376\377\213\272\145\207\140\073\176\323}{chapter.6}% 47
\BOOKMARK [1][-]{section.6.2}{\376\377\116\013\116\000\153\145\135\345\117\134}{chapter.6}% 48
\BOOKMARK [0][-]{section.6.2}{\376\377\123\302\200\003\145\207\163\056}{}% 49
\BOOKMARK [0][-]{appendix.A}{\376\377\213\276\213\241\060\001\177\026\170\001\124\214\155\113\213\325\226\066\153\265\166\204\123\357\117\341\213\304\117\060\143\007\150\007\117\123\174\373}{}% 50
